Build started 12/13/2019 8:59:47 PM.
     1>Project "F:\kernel\Projects\SimpleNtSyscallFuzzer\SimpleNtSyscallFuzzer\SimpleNtSyscallFuzzer.vcxproj" on node 2 (Build target(s)).
     1>ClCompile:
         C:\Program Files (x86)\Microsoft Visual Studio 11.0\VC\bin\x86_amd64\CL.exe /c /Zi /nologo /W3 /WX- /O2 /Oi /GL /D WIN32 /D NDEBUG /D _CONSOLE /D _UNICODE /D UNICODE /Gm- /EHsc /MD /GS /Gy /fp:precise /Zc:wchar_t /Zc:forScope /Yu"stdafx.h" /Fp"x64\Release\SimpleNtSyscallFuzzer.pch" /Fo"x64\Release\\" /Fd"x64\Release\vc110.pdb" /Gd /TP /errorReport:prompt Skip.cpp
     1>C:\Program Files (x86)\MSBuild\Microsoft.Cpp\v4.0\V110\Microsoft.CppCommon.targets(347,5): error MSB6006: "CL.exe" exited with code -1073741515.
     1>Done Building Project "F:\kernel\Projects\SimpleNtSyscallFuzzer\SimpleNtSyscallFuzzer\SimpleNtSyscallFuzzer.vcxproj" (Build target(s)) -- FAILED.

Build FAILED.

Time Elapsed 00:00:00.08
